<?xml version="1.0" encoding="UTF-8"?>
<robot generator="Robot 4.1.3 (Python 3.10.2 on win32)" generated="20220210 11:31:36.251" rpa="false" schemaversion="2">
<suite id="s1" name="Demo2 Suite" source="C:\Users\Chandhana\OneDrive\Desktop\LTTS\robot_framework\robot_suite\demo2_suite.robot">
<test id="s1-t1" name="TC5">
<kw name="Log To Console" library="BuiltIn">
<arg>${PERSONAL_DETAIL}[fname]</arg>
<doc>Logs the given message to the console.</doc>
<status status="PASS" starttime="20220210 11:31:36.281" endtime="20220210 11:31:36.282"/>
</kw>
<kw name="Log To Console" library="BuiltIn">
<arg>${PERSONAL_DETAIL}[lname]</arg>
<doc>Logs the given message to the console.</doc>
<status status="PASS" starttime="20220210 11:31:36.282" endtime="20220210 11:31:36.283"/>
</kw>
<kw name="Log To Console" library="BuiltIn">
<arg>${PERSONAL_DETAIL}[mobile]</arg>
<doc>Logs the given message to the console.</doc>
<status status="PASS" starttime="20220210 11:31:36.283" endtime="20220210 11:31:36.284"/>
</kw>
<kw name="Log To Console" library="BuiltIn">
<arg>${PERSONAL_DETAIL}</arg>
<doc>Logs the given message to the console.</doc>
<status status="PASS" starttime="20220210 11:31:36.284" endtime="20220210 11:31:36.284"/>
</kw>
<status status="PASS" starttime="20220210 11:31:36.281" endtime="20220210 11:31:36.285"/>
</test>
<status status="PASS" starttime="20220210 11:31:36.252" endtime="20220210 11:31:36.286"/>
</suite>
<statistics>
<total>
<stat pass="1" fail="0" skip="0">All Tests</stat>
</total>
<tag>
</tag>
<suite>
<stat pass="1" fail="0" skip="0" id="s1" name="Demo2 Suite">Demo2 Suite</stat>
</suite>
</statistics>
<errors>
</errors>
</robot>
