<?xml version="1.0" encoding="UTF-8"?>
<robot generator="Robot 4.1.3 (Python 3.10.2 on win32)" generated="20220210 17:04:15.643" rpa="false" schemaversion="2">
<suite id="s1" name="Demo3 Suite" source="C:\Users\Chandhana\OneDrive\Desktop\LTTS\robot_framework\robot_suite\demo3_suite.robot">
<test id="s1-t1" name="TC1">
<kw name="Set Local Variable" library="BuiltIn">
<arg>${firstname}</arg>
<arg>chandana</arg>
<doc>Makes a variable available everywhere within the local scope.</doc>
<msg timestamp="20220210 17:04:15.690" level="INFO">${firstname} = chandana</msg>
<status status="PASS" starttime="20220210 17:04:15.689" endtime="20220210 17:04:15.690"/>
</kw>
<kw name="Set Variable" library="BuiltIn">
<var>${lastname}</var>
<arg>suresh</arg>
<doc>Returns the given values which can then be assigned to a variables.</doc>
<msg timestamp="20220210 17:04:15.691" level="INFO">${lastname} = suresh</msg>
<status status="PASS" starttime="20220210 17:04:15.690" endtime="20220210 17:04:15.691"/>
</kw>
<kw name="Log To Console" library="BuiltIn">
<arg>${firstname} ${lastname}</arg>
<doc>Logs the given message to the console.</doc>
<status status="PASS" starttime="20220210 17:04:15.691" endtime="20220210 17:04:15.692"/>
</kw>
<kw name="Create List" library="BuiltIn">
<var>@{fruits}</var>
<arg>apple</arg>
<arg>banana</arg>
<arg>grapes</arg>
<doc>Returns a list containing given items.</doc>
<msg timestamp="20220210 17:04:15.693" level="INFO">@{fruits} = [ apple | banana | grapes ]</msg>
<status status="PASS" starttime="20220210 17:04:15.692" endtime="20220210 17:04:15.693"/>
</kw>
<kw name="Log To Console" library="BuiltIn">
<arg>${fruits}</arg>
<doc>Logs the given message to the console.</doc>
<status status="PASS" starttime="20220210 17:04:15.693" endtime="20220210 17:04:15.695"/>
</kw>
<kw name="Log To Console" library="BuiltIn">
<arg>${fruits}[0]</arg>
<doc>Logs the given message to the console.</doc>
<status status="PASS" starttime="20220210 17:04:15.695" endtime="20220210 17:04:15.696"/>
</kw>
<for flavor="IN">
<var>${color}</var>
<value>@{fruits}</value>
<iter>
<var name="${color}">apple</var>
<kw name="Log To Console" library="BuiltIn">
<arg>${color}</arg>
<doc>Logs the given message to the console.</doc>
<status status="PASS" starttime="20220210 17:04:15.696" endtime="20220210 17:04:15.697"/>
</kw>
<status status="PASS" starttime="20220210 17:04:15.696" endtime="20220210 17:04:15.697"/>
</iter>
<iter>
<var name="${color}">banana</var>
<kw name="Log To Console" library="BuiltIn">
<arg>${color}</arg>
<doc>Logs the given message to the console.</doc>
<status status="PASS" starttime="20220210 17:04:15.697" endtime="20220210 17:04:15.697"/>
</kw>
<status status="PASS" starttime="20220210 17:04:15.697" endtime="20220210 17:04:15.697"/>
</iter>
<iter>
<var name="${color}">grapes</var>
<kw name="Log To Console" library="BuiltIn">
<arg>${color}</arg>
<doc>Logs the given message to the console.</doc>
<status status="PASS" starttime="20220210 17:04:15.697" endtime="20220210 17:04:15.698"/>
</kw>
<status status="PASS" starttime="20220210 17:04:15.697" endtime="20220210 17:04:15.698"/>
</iter>
<status status="PASS" starttime="20220210 17:04:15.696" endtime="20220210 17:04:15.698"/>
</for>
<kw name="Log List" library="Collections">
<arg>${fruits}</arg>
<doc>Logs the length and contents of the ``list`` using given ``level``.</doc>
<msg timestamp="20220210 17:04:15.699" level="INFO">List length is 3 and it contains following items:
0: apple
1: banana
2: grapes</msg>
<status status="PASS" starttime="20220210 17:04:15.699" endtime="20220210 17:04:15.699"/>
</kw>
<kw name="Set Global Variable" library="BuiltIn">
<arg>${otp}</arg>
<arg>9876</arg>
<doc>Makes a variable available globally in all tests and suites.</doc>
<msg timestamp="20220210 17:04:15.700" level="INFO">${otp} = 9876</msg>
<status status="PASS" starttime="20220210 17:04:15.700" endtime="20220210 17:04:15.701"/>
</kw>
<status status="PASS" starttime="20220210 17:04:15.688" endtime="20220210 17:04:15.702"/>
</test>
<test id="s1-t2" name="TC2">
<kw name="Log To Console" library="BuiltIn">
<arg>${otp}</arg>
<doc>Logs the given message to the console.</doc>
<status status="PASS" starttime="20220210 17:04:15.704" endtime="20220210 17:04:15.705"/>
</kw>
<kw name="Create Dictionary" library="BuiltIn">
<var>&amp;{dic}</var>
<arg>firstname=chandana</arg>
<arg>lastname=suresh</arg>
<arg>mobile=9876543210</arg>
<doc>Creates and returns a dictionary based on the given ``items``.</doc>
<msg timestamp="20220210 17:04:15.706" level="INFO">&amp;{dic} = { firstname=chandana | lastname=suresh | mobile=9876543210 }</msg>
<status status="PASS" starttime="20220210 17:04:15.705" endtime="20220210 17:04:15.706"/>
</kw>
<kw name="Log To Console" library="BuiltIn">
<arg>${dic}[lastname]</arg>
<doc>Logs the given message to the console.</doc>
<status status="PASS" starttime="20220210 17:04:15.706" endtime="20220210 17:04:15.706"/>
</kw>
<status status="PASS" starttime="20220210 17:04:15.704" endtime="20220210 17:04:15.707"/>
</test>
<status status="PASS" starttime="20220210 17:04:15.645" endtime="20220210 17:04:15.709"/>
</suite>
<statistics>
<total>
<stat pass="2" fail="0" skip="0">All Tests</stat>
</total>
<tag>
</tag>
<suite>
<stat pass="2" fail="0" skip="0" id="s1" name="Demo3 Suite">Demo3 Suite</stat>
</suite>
</statistics>
<errors>
</errors>
</robot>
